mode: set
github.com/DonnieTD/NAH/Lexer/Lexer.go:28.34,41.2 3 1
github.com/DonnieTD/NAH/Lexer/Lexer.go:43.33,46.16 2 1
github.com/DonnieTD/NAH/Lexer/Lexer.go:49.2,53.25 4 1
github.com/DonnieTD/NAH/Lexer/Lexer.go:57.2,59.18 2 1
github.com/DonnieTD/NAH/Lexer/Lexer.go:46.16,48.3 1 0
github.com/DonnieTD/NAH/Lexer/Lexer.go:53.25,55.3 1 1
github.com/DonnieTD/NAH/Lexer/Lexer.go:66.43,72.39 3 1
github.com/DonnieTD/NAH/Lexer/Lexer.go:72.39,73.34 1 1
github.com/DonnieTD/NAH/Lexer/Lexer.go:73.34,75.4 1 1
github.com/DonnieTD/NAH/Lexer/Lexer.go:75.9,75.43 1 1
github.com/DonnieTD/NAH/Lexer/Lexer.go:75.43,82.4 5 1
github.com/DonnieTD/NAH/Lexer/Lexer.go:82.9,82.42 1 1
github.com/DonnieTD/NAH/Lexer/Lexer.go:82.42,86.4 3 1
github.com/DonnieTD/NAH/Lexer/Lexer.go:90.50,92.14 2 1
github.com/DonnieTD/NAH/Lexer/Lexer.go:93.11,99.4 1 1
github.com/DonnieTD/NAH/Lexer/Lexer.go:100.11,106.4 1 1
github.com/DonnieTD/NAH/Lexer/Lexer.go:107.11,113.4 1 1
github.com/DonnieTD/NAH/Lexer/Lexer.go:114.11,120.4 1 1
github.com/DonnieTD/NAH/Lexer/Lexer.go:121.12,127.4 1 1
github.com/DonnieTD/NAH/Lexer/Lexer.go:128.14,134.4 1 1
github.com/DonnieTD/NAH/Lexer/Lexer.go:135.13,141.4 1 1
github.com/DonnieTD/NAH/Lexer/Lexer.go:142.10,145.17 2 1
github.com/DonnieTD/NAH/Lexer/Lexer.go:149.3,154.4 1 1
github.com/DonnieTD/NAH/Lexer/Lexer.go:145.17,148.4 2 0
github.com/DonnieTD/NAH/Lexer/Lexer.go:158.40,161.32 2 1
github.com/DonnieTD/NAH/Lexer/Lexer.go:161.32,163.28 2 1
github.com/DonnieTD/NAH/Lexer/Lexer.go:163.28,165.28 2 1
github.com/DonnieTD/NAH/Lexer/Lexer.go:165.28,168.13 3 1
github.com/DonnieTD/NAH/Lexer/Lexer.go:169.10,170.13 1 1
github.com/DonnieTD/NAH/Lexer/Lexer.go:172.9,174.28 2 1
github.com/DonnieTD/NAH/Lexer/Lexer.go:178.4,178.12 1 1
github.com/DonnieTD/NAH/Lexer/Lexer.go:174.28,177.5 2 1
github.com/DonnieTD/NAH/Lexer/Lexer.go:183.25,184.39 1 1
github.com/DonnieTD/NAH/Lexer/Lexer.go:188.2,188.29 1 1
github.com/DonnieTD/NAH/Lexer/Lexer.go:184.39,187.3 2 1
